Determining if the pthread_create exist failed with the following output:
Change Dir: /home/runa/Desktop/PhoscoinGui/build/release/CMakeFiles/CMakeTmp

Run Build Command:"/usr/bin/make" "cmTC_cc809/fast"
make[1]: Entering directory '/home/runa/Desktop/PhoscoinGui/build/release/CMakeFiles/CMakeTmp'
/usr/bin/make -f CMakeFiles/cmTC_cc809.dir/build.make CMakeFiles/cmTC_cc809.dir/build
make[2]: Entering directory '/home/runa/Desktop/PhoscoinGui/build/release/CMakeFiles/CMakeTmp'
Building C object CMakeFiles/cmTC_cc809.dir/CheckSymbolExists.c.o
/usr/bin/cc    -o CMakeFiles/cmTC_cc809.dir/CheckSymbolExists.c.o   -c /home/runa/Desktop/PhoscoinGui/build/release/CMakeFiles/CMakeTmp/CheckSymbolExists.c
Linking C executable cmTC_cc809
/usr/local/bin/cmake -E cmake_link_script CMakeFiles/cmTC_cc809.dir/link.txt --verbose=1
/usr/bin/cc      -rdynamic CMakeFiles/cmTC_cc809.dir/CheckSymbolExists.c.o  -o cmTC_cc809 
CMakeFiles/cmTC_cc809.dir/CheckSymbolExists.c.o: In function `main':
CheckSymbolExists.c:(.text+0x16): undefined reference to `pthread_create'
collect2: error: ld returned 1 exit status
CMakeFiles/cmTC_cc809.dir/build.make:97: recipe for target 'cmTC_cc809' failed
make[2]: *** [cmTC_cc809] Error 1
make[2]: Leaving directory '/home/runa/Desktop/PhoscoinGui/build/release/CMakeFiles/CMakeTmp'
Makefile:126: recipe for target 'cmTC_cc809/fast' failed
make[1]: *** [cmTC_cc809/fast] Error 2
make[1]: Leaving directory '/home/runa/Desktop/PhoscoinGui/build/release/CMakeFiles/CMakeTmp'

File /home/runa/Desktop/PhoscoinGui/build/release/CMakeFiles/CMakeTmp/CheckSymbolExists.c:
/* */
#include <pthread.h>

int main(int argc, char** argv)
{
  (void)argv;
#ifndef pthread_create
  return ((int*)(&pthread_create))[argc];
#else
  (void)argc;
  return 0;
#endif
}

Determining if the function pthread_create exists in the pthreads failed with the following output:
Change Dir: /home/runa/Desktop/PhoscoinGui/build/release/CMakeFiles/CMakeTmp

Run Build Command:"/usr/bin/make" "cmTC_8fefa/fast"
make[1]: Entering directory '/home/runa/Desktop/PhoscoinGui/build/release/CMakeFiles/CMakeTmp'
/usr/bin/make -f CMakeFiles/cmTC_8fefa.dir/build.make CMakeFiles/cmTC_8fefa.dir/build
make[2]: Entering directory '/home/runa/Desktop/PhoscoinGui/build/release/CMakeFiles/CMakeTmp'
Building C object CMakeFiles/cmTC_8fefa.dir/CheckFunctionExists.c.o
/usr/bin/cc   -DCHECK_FUNCTION_EXISTS=pthread_create   -o CMakeFiles/cmTC_8fefa.dir/CheckFunctionExists.c.o   -c /usr/local/share/cmake-3.10/Modules/CheckFunctionExists.c
Linking C executable cmTC_8fefa
/usr/local/bin/cmake -E cmake_link_script CMakeFiles/cmTC_8fefa.dir/link.txt --verbose=1
/usr/bin/cc  -DCHECK_FUNCTION_EXISTS=pthread_create    -rdynamic CMakeFiles/cmTC_8fefa.dir/CheckFunctionExists.c.o  -o cmTC_8fefa -lpthreads 
/usr/bin/ld: cannot find -lpthreads
collect2: error: ld returned 1 exit status
CMakeFiles/cmTC_8fefa.dir/build.make:97: recipe for target 'cmTC_8fefa' failed
make[2]: *** [cmTC_8fefa] Error 1
make[2]: Leaving directory '/home/runa/Desktop/PhoscoinGui/build/release/CMakeFiles/CMakeTmp'
Makefile:126: recipe for target 'cmTC_8fefa/fast' failed
make[1]: *** [cmTC_8fefa/fast] Error 2
make[1]: Leaving directory '/home/runa/Desktop/PhoscoinGui/build/release/CMakeFiles/CMakeTmp'


